<?xml version="1.0" encoding="UTF-8"?>
<testng-results total="1" passed="1" failed="0" skipped="0">
  <reporter-output>
    <line>
      <![CDATA[Logout Completed]]>
    </line>
  </reporter-output>
  <suite started-at="2021-04-21T03:18:49Z" name="Default suite" finished-at="2021-04-21T03:19:04Z" duration-ms="15500">
    <groups>
    </groups>
    <test started-at="2021-04-21T03:18:49Z" name="Default test" finished-at="2021-04-21T03:19:04Z" duration-ms="15500">
      <class name="OrangeHrmsLogin.TC_ScreenShot">
        <test-method is-config="true" signature="Scrnshot()[pri:0, instance:OrangeHrmsLogin.TC_ScreenShot@1cb346ea]" started-at="2021-04-21T08:48:49Z" name="Scrnshot" finished-at="2021-04-21T08:48:54Z" duration-ms="4661" status="PASS">
          <reporter-output>
          </reporter-output>
        </test-method> <!-- Scrnshot -->
        <test-method signature="Login()[pri:0, instance:OrangeHrmsLogin.TC_ScreenShot@1cb346ea]" started-at="2021-04-21T08:48:54Z" name="Login" finished-at="2021-04-21T08:49:04Z" duration-ms="10739" status="PASS">
          <reporter-output>
          </reporter-output>
        </test-method> <!-- Login -->
        <test-method is-config="true" signature="TearDown()[pri:0, instance:OrangeHrmsLogin.TC_ScreenShot@1cb346ea]" started-at="2021-04-21T08:49:04Z" name="TearDown" finished-at="2021-04-21T08:49:04Z" duration-ms="83" status="PASS">
          <reporter-output>
            <line>
              <![CDATA[Logout Completed]]>
            </line>
          </reporter-output>
        </test-method> <!-- TearDown -->
      </class> <!-- OrangeHrmsLogin.TC_ScreenShot -->
    </test> <!-- Default test -->
  </suite> <!-- Default suite -->
</testng-results>
